[20:33]          Starting...  
[20:33]          Hello!  
[20:33]          Нейросеть создана !  
[20:33]          Нейросеть успешно сохранена!  
[20:33]          ЗА ГРУ ЖЕ НО !  
[20:33]          Загружен график: "Grafic AUD USD 11000 orig healed 1s 21"  
[20:33]          Загружен график: "Grafic AUD USD 11000 orig healed 1s 22"  
[20:33]          Загружен график: "Grafic AUD USD 11000 orig healed 1s 22"  
[20:33]          Загружен график: "Grafic AUD USD 3400 orig healed 1s 22"  
[20:33]          Загружен график: "Grafic USD CAD (OTC) 9000 orig healed"  
[20:33]          График (сборный) для обучения загружен.  
[20:33]          По совместимости также загружены доступные точки на графике.  
[20:33]          Полученная длина графика: 39547  
[21:05]          Starting...  
[21:05]          Hello!  
[21:05]          Нейросеть создана !  
[21:05]          Нейросеть успешно сохранена!  
[21:05]          ЗА ГРУ ЖЕ НО !  
[21:05]          Загружен график: "Grafic AUD USD 11000 orig healed 1s 21"  
[21:05]          Загружен график: "Grafic AUD USD 11000 orig healed 1s 22"  
[21:05]          Загружен график: "Grafic AUD USD 11000 orig healed 1s 22"  
[21:05]          Загружен график: "Grafic AUD USD 3400 orig healed 1s 22"  
[21:05]          Загружен график: "Grafic USD CAD (OTC) 9000 orig healed"  
[21:05]          График (сборный) для обучения загружен.  
[21:05]          По совместимости также загружены доступные точки на графике.  
[21:05]          Полученная длина графика: 39547  
[21:33]          Starting...  
[21:33]          Hello!  
[21:34]          Нейросеть создана !  
[21:34]          Нейросеть успешно сохранена!  
[21:34]          ЗА ГРУ ЖЕ НО !  
[21:34]          Нейросеть создана !  
[21:34]          Нейросеть успешно сохранена!  
[21:34]          ЗА ГРУ ЖЕ НО !  
[21:34]          Starting...  
[21:34]          Hello!  
[21:35]          Нейросеть создана !  
[21:35]          Нейросеть успешно сохранена!  
[21:35]          ЗА ГРУ ЖЕ НО !  
[21:35]          Загружен график: "Grafic AUD USD 11000 orig healed 1s 21"  
[21:35]          Загружен график: "Grafic AUD USD 11000 orig healed 1s 22"  
[21:35]          Загружен график: "Grafic AUD USD 11000 orig healed 1s 22"  
[21:35]          Загружен график: "Grafic AUD USD 3400 orig healed 1s 22"  
[21:35]          Загружен график: "Grafic USD CAD (OTC) 9000 orig healed"  
[21:35]          График (сборный) для обучения загружен.  
[21:35]          По совместимости также загружены доступные точки на графике.  
[21:35]          Полученная длина графика: 39547  
[21:37]          Starting...  
[21:37]          Hello!  
[21:37]          Нейросеть создана !  
[21:37]          Нейросеть успешно сохранена!  
[21:37]          ЗА ГРУ ЖЕ НО !  
[21:37]          Загружен график: "Grafic AUD USD 11000 orig healed 1s 21"  
[21:37]          Загружен график: "Grafic AUD USD 11000 orig healed 1s 22"  
[21:37]          Загружен график: "Grafic AUD USD 11000 orig healed 1s 22"  
[21:37]          Загружен график: "Grafic AUD USD 3400 orig healed 1s 22"  
[21:37]          Загружен график: "Grafic USD CAD (OTC) 9000 orig healed"  
[21:37]          График (сборный) для обучения загружен.  
[21:37]          По совместимости также загружены доступные точки на графике.  
[21:37]          Полученная длина графика: 39547  
[21:37]          Отступы для тестов нейросети заполнены. (2000)  
[21:37]          Ответы для тестов нейросети заполнены.  
[21:37]          Starting...  
[21:37]          Hello!  
[21:37]          Нейросеть создана !  
[21:37]          Нейросеть успешно сохранена!  
[21:37]          ЗА ГРУ ЖЕ НО !  
[21:37]          Загружен график: "Grafic AUD USD 11000 orig healed 1s 21"  
[21:37]          Загружен график: "Grafic AUD USD 11000 orig healed 1s 22"  
[21:37]          Загружен график: "Grafic AUD USD 11000 orig healed 1s 22"  
[21:37]          Загружен график: "Grafic AUD USD 3400 orig healed 1s 22"  
[21:37]          Загружен график: "Grafic USD CAD (OTC) 9000 orig healed"  
[21:37]          График (сборный) для обучения загружен.  
[21:37]          По совместимости также загружены доступные точки на графике.  
[21:37]          Длина графика: 39547  
[21:37]          Отступы для тестов нейросети заполнены. (2000)  
[21:37]          Ответы для тестов нейросети заполнены.  
[23:39]          Starting...  
[23:39]          Hello!  
